<?xml version="1.0" encoding="UTF-8"?>
<!-- Generated by org.testng.reporters.JUnitReportReporter -->
<testsuite hostname="Pedros" failures="0" tests="1" name="test.LoginTest" time="13.550" errors="0" timestamp="2024-05-30T18:07:11 CDT" skipped="0">
  <testcase classname="test.LoginTest" name="validUserShouldBeAbleToLogin" time="13.550"/>
  <system-out/>
</testsuite> <!-- test.LoginTest -->
