<?xml version="1.0" encoding="UTF-8"?>
<!-- Generated by org.testng.reporters.JUnitReportReporter -->
<testsuite hostname="Pedros" failures="0" tests="1" name="test.LoginTest" time="11.435" errors="0" timestamp="2024-06-06T21:30:47 CDT" skipped="0">
  <testcase classname="test.LoginTest" name="validUserShouldBeAbleToLogin" time="11.435"/>
  <system-out/>
</testsuite> <!-- test.LoginTest -->
