<?xml version="1.0" encoding="UTF-8"?>
<!-- Generated by org.testng.reporters.JUnitReportReporter -->
<testsuite hostname="Pedros" failures="0" tests="1" name="test.AddCustomerTest" time="13.737" errors="0" timestamp="2024-06-06T21:34:31 CDT" skipped="0">
  <testcase classname="test.AddCustomerTest" name="userShouldBeAbleToAddCustomer" time="13.737"/>
  <system-out/>
</testsuite> <!-- test.AddCustomerTest -->
